# JRE version: Java(TM) SE Runtime Environment (8.0_221-b11) (build 1.8.0_221-b11)
# Java VM: Java HotSpot(TM) 64-Bit Server VM (25.221-b11 mixed mode bsd-amd64 compressed oops)
Heap:
 PSYoungGen      total 290816K, used 69061K [0x0000000795580000, 0x00000007a8600000, 0x00000007c0000000)
  eden space 278016K, 21% used [0x0000000795580000,0x0000000798fb9e68,0x00000007a6500000)
  from space 12800K, 73% used [0x00000007a7980000,0x00000007a82b7940,0x00000007a8600000)
  to   space 16896K, 28% used [0x00000007a6500000,0x00000007a69c6200,0x00000007a7580000)
 ParOldGen       total 136192K, used 34336K [0x0000000740000000, 0x0000000748500000, 0x0000000795580000)
  object space 136192K, 25% used [0x0000000740000000,0x00000007421881a0,0x0000000748500000)
 Metaspace       used 64301K, capacity 68254K, committed 68520K, reserved 1107968K
  class space    used 8902K, capacity 9599K, committed 9640K, reserved 1048576K
GC Heap History (10 events):
Event: 777.326 GC heap after
Heap after GC invocations=17 (full 4):
 PSYoungGen      total 250880K, used 0K [0x0000000795580000, 0x00000007a6c80000, 0x00000007c0000000)
  eden space 246784K, 0% used [0x0000000795580000,0x0000000795580000,0x00000007a4680000)
  from space 4096K, 0% used [0x00000007a5080000,0x00000007a5080000,0x00000007a5480000)
  to   space 18432K, 0% used [0x00000007a5a80000,0x00000007a5a80000,0x00000007a6c80000)
 ParOldGen       total 136192K, used 30128K [0x0000000740000000, 0x0000000748500000, 0x0000000795580000)
  object space 136192K, 22% used [0x0000000740000000,0x0000000741d6c278,0x0000000748500000)
 Metaspace       used 62783K, capacity 66338K, committed 66472K, reserved 1105920K
  class space    used 8756K, capacity 9367K, committed 9384K, reserved 1048576K
}
Event: 787.304 GC heap before
{Heap before GC invocations=18 (full 4):
 PSYoungGen      total 250880K, used 246784K [0x0000000795580000, 0x00000007a6c80000, 0x00000007c0000000)
  eden space 246784K, 100% used [0x0000000795580000,0x00000007a4680000,0x00000007a4680000)
  from space 4096K, 0% used [0x00000007a5080000,0x00000007a5080000,0x00000007a5480000)
  to   space 18432K, 0% used [0x00000007a5a80000,0x00000007a5a80000,0x00000007a6c80000)
 ParOldGen       total 136192K, used 30128K [0x0000000740000000, 0x0000000748500000, 0x0000000795580000)
  object space 136192K, 22% used [0x0000000740000000,0x0000000741d6c278,0x0000000748500000)
 Metaspace       used 63598K, capacity 67514K, committed 67752K, reserved 1107968K
  class space    used 8846K, capacity 9513K, committed 9640K, reserved 1048576K
Event: 787.334 GC heap after
Heap after GC invocations=18 (full 4):
 PSYoungGen      total 268288K, used 9501K [0x0000000795580000, 0x00000007a8a80000, 0x00000007c0000000)
  eden space 249856K, 0% used [0x0000000795580000,0x0000000795580000,0x00000007a4980000)
  from space 18432K, 51% used [0x00000007a5a80000,0x00000007a63c74e0,0x00000007a6c80000)
  to   space 17408K, 0% used [0x00000007a4980000,0x00000007a4980000,0x00000007a5a80000)
 ParOldGen       total 136192K, used 30136K [0x0000000740000000, 0x0000000748500000, 0x0000000795580000)
  object space 136192K, 22% used [0x0000000740000000,0x0000000741d6e278,0x0000000748500000)
 Metaspace       used 63598K, capacity 67514K, committed 67752K, reserved 1107968K
  class space    used 8846K, capacity 9513K, committed 9640K, reserved 1048576K
}
Event: 975.314 GC heap before
{Heap before GC invocations=19 (full 4):
 PSYoungGen      total 268288K, used 73161K [0x0000000795580000, 0x00000007a8a80000, 0x00000007c0000000)
  eden space 249856K, 25% used [0x0000000795580000,0x00000007993ab2c8,0x00000007a4980000)
  from space 18432K, 51% used [0x00000007a5a80000,0x00000007a63c74e0,0x00000007a6c80000)
  to   space 17408K, 0% used [0x00000007a4980000,0x00000007a4980000,0x00000007a5a80000)
 ParOldGen       total 136192K, used 30136K [0x0000000740000000, 0x0000000748500000, 0x0000000795580000)
  object space 136192K, 22% used [0x0000000740000000,0x0000000741d6e278,0x0000000748500000)
 Metaspace       used 63646K, capacity 67584K, committed 67752K, reserved 1107968K
  class space    used 8847K, capacity 9515K, committed 9640K, reserved 1048576K
Event: 975.349 GC heap after
Heap after GC invocations=19 (full 4):
 PSYoungGen      total 267264K, used 5208K [0x0000000795580000, 0x00000007a8a80000, 0x00000007c0000000)
  eden space 249856K, 0% used [0x0000000795580000,0x0000000795580000,0x00000007a4980000)
  from space 17408K, 29% used [0x00000007a4980000,0x00000007a4e96200,0x00000007a5a80000)
  to   space 17408K, 0% used [0x00000007a7980000,0x00000007a7980000,0x00000007a8a80000)
 ParOldGen       total 136192K, used 30144K [0x0000000740000000, 0x0000000748500000, 0x0000000795580000)
  object space 136192K, 22% used [0x0000000740000000,0x0000000741d70278,0x0000000748500000)
 Metaspace       used 63646K, capacity 67584K, committed 67752K, reserved 1107968K
  class space    used 8847K, capacity 9515K, committed 9640K, reserved 1048576K
}
Event: 975.349 GC heap before
{Heap before GC invocations=20 (full 5):
 PSYoungGen      total 267264K, used 5208K [0x0000000795580000, 0x00000007a8a80000, 0x00000007c0000000)
  eden space 249856K, 0% used [0x0000000795580000,0x0000000795580000,0x00000007a4980000)
  from space 17408K, 29% used [0x00000007a4980000,0x00000007a4e96200,0x00000007a5a80000)
  to   space 17408K, 0% used [0x00000007a7980000,0x00000007a7980000,0x00000007a8a80000)
 ParOldGen       total 136192K, used 30144K [0x0000000740000000, 0x0000000748500000, 0x0000000795580000)
  object space 136192K, 22% used [0x0000000740000000,0x0000000741d70278,0x0000000748500000)
 Metaspace       used 63646K, capacity 67584K, committed 67752K, reserved 1107968K
  class space    used 8847K, capacity 9515K, committed 9640K, reserved 1048576K
Event: 975.837 GC heap after
Heap after GC invocations=20 (full 5):
 PSYoungGen      total 267264K, used 0K [0x0000000795580000, 0x00000007a8a80000, 0x00000007c0000000)
  eden space 249856K, 0% used [0x0000000795580000,0x0000000795580000,0x00000007a4980000)
  from space 17408K, 0% used [0x00000007a4980000,0x00000007a4980000,0x00000007a5a80000)
  to   space 17408K, 0% used [0x00000007a7980000,0x00000007a7980000,0x00000007a8a80000)
 ParOldGen       total 136192K, used 34320K [0x0000000740000000, 0x0000000748500000, 0x0000000795580000)
  object space 136192K, 25% used [0x0000000740000000,0x00000007421841a0,0x0000000748500000)
 Metaspace       used 63646K, capacity 67584K, committed 67752K, reserved 1107968K
  class space    used 8847K, capacity 9515K, committed 9640K, reserved 1048576K
}
Event: 1016.686 GC heap before
{Heap before GC invocations=21 (full 5):
 PSYoungGen      total 267264K, used 249856K [0x0000000795580000, 0x00000007a8a80000, 0x00000007c0000000)
  eden space 249856K, 100% used [0x0000000795580000,0x00000007a4980000,0x00000007a4980000)
  from space 17408K, 0% used [0x00000007a4980000,0x00000007a4980000,0x00000007a5a80000)
  to   space 17408K, 0% used [0x00000007a7980000,0x00000007a7980000,0x00000007a8a80000)
 ParOldGen       total 136192K, used 34320K [0x0000000740000000, 0x0000000748500000, 0x0000000795580000)
  object space 136192K, 25% used [0x0000000740000000,0x00000007421841a0,0x0000000748500000)
 Metaspace       used 64236K, capacity 68248K, committed 68520K, reserved 1107968K
  class space    used 8900K, capacity 9597K, committed 9640K, reserved 1048576K
Event: 1016.701 GC heap after
Heap after GC invocations=21 (full 5):
 PSYoungGen      total 290816K, used 9438K [0x0000000795580000, 0x00000007a8600000, 0x00000007c0000000)
  eden space 278016K, 0% used [0x0000000795580000,0x0000000795580000,0x00000007a6500000)
  from space 12800K, 73% used [0x00000007a7980000,0x00000007a82b7940,0x00000007a8600000)
  to   space 16896K, 0% used [0x00000007a6500000,0x00000007a6500000,0x00000007a7580000)
 ParOldGen       total 136192K, used 34328K [0x0000000740000000, 0x0000000748500000, 0x0000000795580000)
  object space 136192K, 25% used [0x0000000740000000,0x00000007421861a0,0x0000000748500000)
 Metaspace       used 64236K, capacity 68248K, committed 68520K, reserved 1107968K
  class space    used 8900K, capacity 9597K, committed 9640K, reserved 1048576K
}
Event: 1198.614 GC heap before
{Heap before GC invocations=22 (full 5):
 PSYoungGen      total 290816K, used 69061K [0x0000000795580000, 0x00000007a8600000, 0x00000007c0000000)
  eden space 278016K, 21% used [0x0000000795580000,0x0000000798fb9d70,0x00000007a6500000)
  from space 12800K, 73% used [0x00000007a7980000,0x00000007a82b7940,0x00000007a8600000)
  to   space 16896K, 0% used [0x00000007a6500000,0x00000007a6500000,0x00000007a7580000)
 ParOldGen       total 136192K, used 34328K [0x0000000740000000, 0x0000000748500000, 0x0000000795580000)
  object space 136192K, 25% used [0x0000000740000000,0x00000007421861a0,0x0000000748500000)
 Metaspace       used 64301K, capacity 68254K, committed 68520K, reserved 1107968K
  class space    used 8902K, capacity 9599K, committed 9640K, reserved 1048576K

